<?xml version="1.0" encoding="UTF-8"?>
<!-- Generated by org.testng.reporters.JUnitReportReporter -->
<testsuite skipped="0" hostname="namet5" name="com.torenzo.qa.testcases.WaitingTest" tests="3" failures="0" timestamp="23 Nov 2018 08:38:44 GMT" time="828.731" errors="0">
  <testcase name="verifyTableViewIcon" time="43.715" classname="com.torenzo.qa.testcases.WaitingTest"/>
  <testcase name="verifyWaiting" time="324.704" classname="com.torenzo.qa.testcases.WaitingTest"/>
  <testcase name="waitingTranasfer" time="460.312" classname="com.torenzo.qa.testcases.WaitingTest"/>
</testsuite> <!-- com.torenzo.qa.testcases.WaitingTest -->
