<?xml version="1.0" encoding="UTF-8"?>
<!-- Generated by org.testng.reporters.JUnitReportReporter -->
<testsuite skipped="2" hostname="RahulKaelsMini2" name="TestNG.Split1" tests="2" failures="0" timestamp="25 Sep 2018 05:07:50 GMT" time="0.000" errors="0">
  <testcase name="ordercreate" time="0.000" classname="TestNG.Split1">
    <skipped/>
  </testcase> <!-- ordercreate -->
  <testcase name="payment" time="0.000" classname="TestNG.Split1">
    <skipped/>
  </testcase> <!-- payment -->
</testsuite> <!-- TestNG.Split1 -->
