<?xml version="1.0" encoding="UTF-8"?>
<!-- Generated by org.testng.reporters.JUnitReportReporter -->
<testsuite skipped="3" hostname="namet5" name="com.torenzo.qa.testcases.VerifyOrderInTillTest" tests="3" failures="0" timestamp="15 Oct 2019 10:33:36 GMT" time="0.000" errors="0">
  <testcase name="orderCreateAndDBtest" time="0.000" classname="com.torenzo.qa.testcases.VerifyOrderInTillTest">
    <skipped/>
  </testcase> <!-- orderCreateAndDBtest -->
  <testcase name="paymentAndDBtest" time="0.000" classname="com.torenzo.qa.testcases.VerifyOrderInTillTest">
    <skipped/>
  </testcase> <!-- paymentAndDBtest -->
  <testcase name="VerfyTillAndDBtest" time="0.000" classname="com.torenzo.qa.testcases.VerifyOrderInTillTest">
    <skipped/>
  </testcase> <!-- VerfyTillAndDBtest -->
</testsuite> <!-- com.torenzo.qa.testcases.VerifyOrderInTillTest -->
