<?xml version="1.0" encoding="UTF-8"?>
<!-- Generated by org.testng.reporters.JUnitReportReporter -->
<testsuite hostname="Torenzo" name="com.torenzo.qa.pomtest.NCKOTOrderPageTest" tests="4" failures="0" timestamp="5 Dec 2019 05:55:07 GMT" time="188.510" errors="0">
  <testcase name="paymentPageTest" time="99.839" classname="com.torenzo.qa.pomtest.NCKOTOrderPageTest"/>
  <testcase name="editPageTest" time="32.298" classname="com.torenzo.qa.pomtest.NCKOTOrderPageTest"/>
  <testcase name="verfiyHomePageTest" time="34.655" classname="com.torenzo.qa.pomtest.NCKOTOrderPageTest"/>
  <testcase name="editPageTestNegative" time="21.718" classname="com.torenzo.qa.pomtest.NCKOTOrderPageTest"/>
</testsuite> <!-- com.torenzo.qa.pomtest.NCKOTOrderPageTest -->
