<?xml version="1.0" encoding="UTF-8"?>
<!-- Generated by org.testng.reporters.JUnitReportReporter -->
<testsuite skipped="0" hostname="RahulKaelsMini2" name="TestNG.Practice" tests="1" failures="0" timestamp="20 Sep 2018 05:03:19 GMT" time="215.713" errors="0">
  <testcase name="cash" time="215.713" classname="TestNG.Practice"/>
</testsuite> <!-- TestNG.Practice -->
