<?xml version="1.0" encoding="UTF-8"?>
<!-- Generated by org.testng.reporters.JUnitReportReporter -->
<testsuite hostname="Torenzo" name="com.torenzo.qa.pomtest.GuestPageTest" tests="10" failures="0" timestamp="5 Dec 2019 05:55:07 GMT" time="190.449" errors="0">
  <testcase name="addNightinGuestTest" time="22.445" classname="com.torenzo.qa.pomtest.GuestPageTest"/>
  <testcase name="zeroGuestWindowTest" time="6.291" classname="com.torenzo.qa.pomtest.GuestPageTest"/>
  <testcase name="cancelGuestWindowTest" time="15.008" classname="com.torenzo.qa.pomtest.GuestPageTest"/>
  <testcase name="addGuestToOrder" time="37.567" classname="com.torenzo.qa.pomtest.GuestPageTest"/>
  <testcase name="addMoreGuestTest" time="6.885" classname="com.torenzo.qa.pomtest.GuestPageTest"/>
  <testcase name="addOneGuestTest" time="21.743" classname="com.torenzo.qa.pomtest.GuestPageTest"/>
  <testcase name="deleteGuestWindowTest" time="4.939" classname="com.torenzo.qa.pomtest.GuestPageTest"/>
  <testcase name="deleteGuestFromOrderTest" time="6.104" classname="com.torenzo.qa.pomtest.GuestPageTest"/>
  <testcase name="deleteGuestFromOrderByLongPressTest" time="32.528" classname="com.torenzo.qa.pomtest.GuestPageTest"/>
  <testcase name="verfiyHomePageTest" time="36.939" classname="com.torenzo.qa.pomtest.GuestPageTest"/>
</testsuite> <!-- com.torenzo.qa.pomtest.GuestPageTest -->
