<?xml version="1.0" encoding="UTF-8"?>
<!-- Generated by org.testng.reporters.JUnitReportReporter -->
<testsuite skipped="3" hostname="namet5" name="com.torenzo.qa.testcases.ReservationTest" tests="3" failures="0" timestamp="15 Oct 2019 10:33:37 GMT" time="0.000" errors="0">
  <testcase name="verifyTableViewIcon" time="0.000" classname="com.torenzo.qa.testcases.ReservationTest">
    <skipped/>
  </testcase> <!-- verifyTableViewIcon -->
  <testcase name="verifyReservation" time="0.000" classname="com.torenzo.qa.testcases.ReservationTest">
    <skipped/>
  </testcase> <!-- verifyReservation -->
  <testcase name="reservationTransfer" time="0.000" classname="com.torenzo.qa.testcases.ReservationTest">
    <skipped/>
  </testcase> <!-- reservationTransfer -->
</testsuite> <!-- com.torenzo.qa.testcases.ReservationTest -->
