<?xml version="1.0" encoding="UTF-8"?>
<!-- Generated by org.testng.reporters.JUnitReportReporter -->
<testsuite skipped="2" hostname="RahulKaelsMini2" name="com.torenzo.qa.testcases.SplitReceiptSingleOptionTest" tests="2" failures="0" timestamp="21 Feb 2019 12:49:04 GMT" time="0.000" errors="0">
  <testcase name="orderCreate" time="0.000" classname="com.torenzo.qa.testcases.SplitReceiptSingleOptionTest">
    <skipped/>
  </testcase> <!-- orderCreate -->
  <testcase name="payment" time="0.000" classname="com.torenzo.qa.testcases.SplitReceiptSingleOptionTest">
    <skipped/>
  </testcase> <!-- payment -->
</testsuite> <!-- com.torenzo.qa.testcases.SplitReceiptSingleOptionTest -->
