<?xml version="1.0" encoding="UTF-8"?>
<!-- Generated by org.testng.reporters.JUnitReportReporter -->
<testsuite skipped="0" hostname="namet5" name="com.torenzo.qa.testcases.VoidOrderInTillTest" tests="5" failures="0" timestamp="19 Nov 2018 07:38:10 GMT" time="239.809" errors="0">
  <testcase name="orderCreateAndPay" time="99.551" classname="com.torenzo.qa.testcases.VoidOrderInTillTest"/>
  <testcase name="orderVerifyInEditOrder" time="44.422" classname="com.torenzo.qa.testcases.VoidOrderInTillTest"/>
  <testcase name="VerifyVoidinTill" time="26.967" classname="com.torenzo.qa.testcases.VoidOrderInTillTest"/>
  <testcase name="RefundTest" time="45.881" classname="com.torenzo.qa.testcases.VoidOrderInTillTest"/>
  <testcase name="RefundTillTest" time="22.988" classname="com.torenzo.qa.testcases.VoidOrderInTillTest"/>
</testsuite> <!-- com.torenzo.qa.testcases.VoidOrderInTillTest -->
