<?xml version="1.0" encoding="UTF-8"?>
<!-- Generated by org.testng.reporters.JUnitReportReporter -->
<testsuite skipped="3" hostname="namet5" name="com.torenzo.qa.testcases.OrderCreateAndPayThroughSeated" tests="3" failures="0" timestamp="15 Oct 2019 10:33:36 GMT" time="0.000" errors="0">
  <testcase name="orderWithTable" time="0.000" classname="com.torenzo.qa.testcases.OrderCreateAndPayThroughSeated">
    <skipped/>
  </testcase> <!-- orderWithTable -->
  <testcase name="tableStrucuterVerify" time="0.000" classname="com.torenzo.qa.testcases.OrderCreateAndPayThroughSeated">
    <skipped/>
  </testcase> <!-- tableStrucuterVerify -->
  <testcase name="addguestandItem" time="0.000" classname="com.torenzo.qa.testcases.OrderCreateAndPayThroughSeated">
    <skipped/>
  </testcase> <!-- addguestandItem -->
</testsuite> <!-- com.torenzo.qa.testcases.OrderCreateAndPayThroughSeated -->
