<?xml version="1.0" encoding="UTF-8"?>
<!-- Generated by org.testng.reporters.JUnitReportReporter -->
<testsuite skipped="5" hostname="namet5" name="com.torenzo.qa.testcases.VoidRefundOrderInTillTest" tests="5" failures="0" timestamp="15 Oct 2019 10:33:36 GMT" time="0.000" errors="0">
  <testcase name="orderCreateAndPay" time="0.000" classname="com.torenzo.qa.testcases.VoidRefundOrderInTillTest">
    <skipped/>
  </testcase> <!-- orderCreateAndPay -->
  <testcase name="orderVerifyInEditOrder" time="0.000" classname="com.torenzo.qa.testcases.VoidRefundOrderInTillTest">
    <skipped/>
  </testcase> <!-- orderVerifyInEditOrder -->
  <testcase name="VerifyVoidinTill" time="0.000" classname="com.torenzo.qa.testcases.VoidRefundOrderInTillTest">
    <skipped/>
  </testcase> <!-- VerifyVoidinTill -->
  <testcase name="RefundTest" time="0.000" classname="com.torenzo.qa.testcases.VoidRefundOrderInTillTest">
    <skipped/>
  </testcase> <!-- RefundTest -->
  <testcase name="RefundTillTest" time="0.000" classname="com.torenzo.qa.testcases.VoidRefundOrderInTillTest">
    <skipped/>
  </testcase> <!-- RefundTillTest -->
</testsuite> <!-- com.torenzo.qa.testcases.VoidRefundOrderInTillTest -->
