<?xml version="1.0" encoding="UTF-8"?>
<!-- Generated by org.testng.reporters.JUnitReportReporter -->
<testsuite skipped="2" hostname="namet5" name="com.torenzo.qa.testcases.VerifyOrderInSuspendedList" tests="3" failures="0" timestamp="18 Oct 2019 06:37:09 GMT" time="37.960" errors="1">
  <testcase name="login" time="37.960" classname="com.torenzo.qa.testcases.VerifyOrderInSuspendedList">
    <error type="org.openqa.selenium.WebDriverException" message="An unknown server-side error occurred while processing the command. Original error: Could not proxy command to remote server. Original error: Error: read ECONNRESET (WARNING: The server did not provide any stacktrace information)
Command duration or timeout: 16 milliseconds
Build info: version: &#039;3.3.1&#039;, revision: &#039;5234b325d5&#039;, time: &#039;2017-03-10 09:10:29 +0000&#039;
System info: host: &#039;NAMET5&#039;, ip: &#039;192.168.56.1&#039;, os.name: &#039;Windows 7&#039;, os.arch: &#039;amd64&#039;, os.version: &#039;6.1&#039;, java.version: &#039;1.8.0_171&#039;
Driver info: io.appium.java_client.android.AndroidDriver
Capabilities [{appPackage=com.torenzo.torenzocafe, statBarHeight=48, viewportRect={top=48, left=0, width=1536, height=1904}, deviceName=192.168.208.101:5555, platform=LINUX, deviceUDID=192.168.208.101:5555, desired={app=E:\Appium1\StableMavenProject\src\App\torenzo39a.apk, newCommandTimeout=30, platformVersion=6.0, platformName=Android, udid=192.168.208.101:5555, deviceName=Honor}, newCommandTimeout=30, platformVersion=7.0, webStorageEnabled=false, takesScreenshot=true, javascriptEnabled=true, platformName=Android, udid=192.168.208.101:5555, deviceApiLevel=24, deviceManufacturer=Genymotion, app=E:\Appium1\StableMavenProject\src\App\torenzo39a.apk, deviceScreenSize=1536x2048, networkConnectionEnabled=true, warnings={}, databaseEnabled=false, pixelRatio=2, locationContextEnabled=false, deviceScreenDensity=320, deviceModel=Custom}]
Session ID: 02f2204c-9741-4982-aa37-02442b8b14b0
*** Element info: {Using=xpath, value=//android.widget.TextView[@text=&#039;Open Existing Restaurant/Store (Live Users)&#039;]}">
      <![CDATA[org.openqa.selenium.WebDriverException: An unknown server-side error occurred while processing the command. Original error: Could not proxy command to remote server. Original error: Error: read ECONNRESET (WARNING: The server did not provide any stacktrace information)
Command duration or timeout: 16 milliseconds
Build info: version: '3.3.1', revision: '5234b325d5', time: '2017-03-10 09:10:29 +0000'
System info: host: 'NAMET5', ip: '192.168.56.1', os.name: 'Windows 7', os.arch: 'amd64', os.version: '6.1', java.version: '1.8.0_171'
Driver info: io.appium.java_client.android.AndroidDriver
Capabilities [{appPackage=com.torenzo.torenzocafe, statBarHeight=48, viewportRect={top=48, left=0, width=1536, height=1904}, deviceName=192.168.208.101:5555, platform=LINUX, deviceUDID=192.168.208.101:5555, desired={app=E:\Appium1\StableMavenProject\src\App\torenzo39a.apk, newCommandTimeout=30, platformVersion=6.0, platformName=Android, udid=192.168.208.101:5555, deviceName=Honor}, newCommandTimeout=30, platformVersion=7.0, webStorageEnabled=false, takesScreenshot=true, javascriptEnabled=true, platformName=Android, udid=192.168.208.101:5555, deviceApiLevel=24, deviceManufacturer=Genymotion, app=E:\Appium1\StableMavenProject\src\App\torenzo39a.apk, deviceScreenSize=1536x2048, networkConnectionEnabled=true, warnings={}, databaseEnabled=false, pixelRatio=2, locationContextEnabled=false, deviceScreenDensity=320, deviceModel=Custom}]
Session ID: 02f2204c-9741-4982-aa37-02442b8b14b0
*** Element info: {Using=xpath, value=//android.widget.TextView[@text='Open Existing Restaurant/Store (Live Users)']}
at sun.reflect.NativeConstructorAccessorImpl.newInstance0(Native Method)
at sun.reflect.NativeConstructorAccessorImpl.newInstance(NativeConstructorAccessorImpl.java:62)
at sun.reflect.DelegatingConstructorAccessorImpl.newInstance(DelegatingConstructorAccessorImpl.java:45)
at java.lang.reflect.Constructor.newInstance(Constructor.java:423)
at org.openqa.selenium.remote.ErrorHandler.createThrowable(ErrorHandler.java:216)
at org.openqa.selenium.remote.ErrorHandler.throwIfResponseFailed(ErrorHandler.java:168)
at org.openqa.selenium.remote.RemoteWebDriver.execute(RemoteWebDriver.java:638)
at io.appium.java_client.DefaultGenericMobileDriver.execute(DefaultGenericMobileDriver.java:42)
at io.appium.java_client.AppiumDriver.execute(AppiumDriver.java:1)
at io.appium.java_client.android.AndroidDriver.execute(AndroidDriver.java:1)
at org.openqa.selenium.remote.RemoteWebDriver.findElement(RemoteWebDriver.java:371)
at io.appium.java_client.DefaultGenericMobileDriver.findElement(DefaultGenericMobileDriver.java:62)
at io.appium.java_client.AppiumDriver.findElement(AppiumDriver.java:1)
at io.appium.java_client.android.AndroidDriver.findElement(AndroidDriver.java:1)
at org.openqa.selenium.remote.RemoteWebDriver.findElementByXPath(RemoteWebDriver.java:476)
at io.appium.java_client.DefaultGenericMobileDriver.findElementByXPath(DefaultGenericMobileDriver.java:140)
at io.appium.java_client.AppiumDriver.findElementByXPath(AppiumDriver.java:1)
at io.appium.java_client.android.AndroidDriver.findElementByXPath(AndroidDriver.java:1)
at org.openqa.selenium.By$ByXPath.findElement(By.java:361)
at org.openqa.selenium.remote.RemoteWebDriver.findElement(RemoteWebDriver.java:363)
at io.appium.java_client.DefaultGenericMobileDriver.findElement(DefaultGenericMobileDriver.java:58)
at io.appium.java_client.AppiumDriver.findElement(AppiumDriver.java:1)
at io.appium.java_client.android.AndroidDriver.findElement(AndroidDriver.java:1)
at com.torenzo.qa.base.Loginapp.login(Loginapp.java:147)
at sun.reflect.NativeMethodAccessorImpl.invoke0(Native Method)
at sun.reflect.NativeMethodAccessorImpl.invoke(NativeMethodAccessorImpl.java:62)
at sun.reflect.DelegatingMethodAccessorImpl.invoke(DelegatingMethodAccessorImpl.java:43)
at java.lang.reflect.Method.invoke(Method.java:498)
at org.testng.internal.MethodInvocationHelper.invokeMethod(MethodInvocationHelper.java:124)
at org.testng.internal.MethodInvocationHelper.invokeMethodConsideringTimeout(MethodInvocationHelper.java:59)
at org.testng.internal.Invoker.invokeConfigurationMethod(Invoker.java:455)
at org.testng.internal.Invoker.invokeConfigurations(Invoker.java:222)
at org.testng.internal.Invoker.invokeConfigurations(Invoker.java:142)
at org.testng.TestRunner.beforeRun(TestRunner.java:529)
at org.testng.TestRunner.run(TestRunner.java:497)
at org.testng.SuiteRunner.runTest(SuiteRunner.java:455)
at org.testng.SuiteRunner.runSequentially(SuiteRunner.java:450)
at org.testng.SuiteRunner.privateRun(SuiteRunner.java:415)
at org.testng.SuiteRunner.run(SuiteRunner.java:364)
at org.testng.SuiteRunnerWorker.runSuite(SuiteRunnerWorker.java:52)
at org.testng.SuiteRunnerWorker.run(SuiteRunnerWorker.java:84)
at org.testng.TestNG.runSuitesSequentially(TestNG.java:1208)
at org.testng.TestNG.runSuitesLocally(TestNG.java:1137)
at org.testng.TestNG.runSuites(TestNG.java:1049)
at org.testng.TestNG.run(TestNG.java:1017)
at org.testng.remote.AbstractRemoteTestNG.run(AbstractRemoteTestNG.java:114)
at org.testng.remote.RemoteTestNG.initAndRun(RemoteTestNG.java:251)
at org.testng.remote.RemoteTestNG.main(RemoteTestNG.java:77)
]]>
    </error>
  </testcase> <!-- login -->
  <testcase name="OrderCreateAndLoadTest" time="0.000" classname="com.torenzo.qa.testcases.VerifyOrderInSuspendedList">
    <skipped/>
  </testcase> <!-- OrderCreateAndLoadTest -->
  <testcase name="loadOrderFromSuspendedListTest" time="0.000" classname="com.torenzo.qa.testcases.VerifyOrderInSuspendedList">
    <skipped/>
  </testcase> <!-- loadOrderFromSuspendedListTest -->
</testsuite> <!-- com.torenzo.qa.testcases.VerifyOrderInSuspendedList -->
