<?xml version="1.0" encoding="UTF-8"?>
<!-- Generated by org.testng.reporters.JUnitReportReporter -->
<testsuite skipped="0" hostname="RahulKaelsMini2" name="com.torenzo.qa.testcases.TransactionOrderPageTest" tests="4" failures="0" timestamp="21 Feb 2019 11:35:24 GMT" time="78.164" errors="0">
  <testcase name="loginApp" time="20.400" classname="com.torenzo.qa.testcases.TransactionOrderPageTest"/>
  <testcase name="verifyTitleOfLogin" time="20.847" classname="com.torenzo.qa.testcases.TransactionOrderPageTest"/>
  <testcase name="verifyPermissionPopup" time="4.017" classname="com.torenzo.qa.testcases.TransactionOrderPageTest"/>
  <testcase name="clickOnCreateNewOrder" time="32.900" classname="com.torenzo.qa.testcases.TransactionOrderPageTest"/>
</testsuite> <!-- com.torenzo.qa.testcases.TransactionOrderPageTest -->
