<?xml version="1.0" encoding="UTF-8"?>
<!-- Generated by org.testng.reporters.JUnitReportReporter -->
<testsuite skipped="0" hostname="RahulKaelsMini2" name="com.appium.torenzo.android.ReservationAndOrderCreation" tests="1" failures="0" timestamp="05 Sep 2018 06:35:18 GMT" time="1848.929" errors="0">
  <testcase name="execute" time="1848.929" classname="com.appium.torenzo.android.ReservationAndOrderCreation"/>
</testsuite> <!-- com.appium.torenzo.android.ReservationAndOrderCreation -->
