<?xml version="1.0" encoding="UTF-8"?>
<!-- Generated by org.testng.reporters.JUnitReportReporter -->
<testsuite skipped="0" hostname="RahulKaelsMini2" name="com.torenzo.qa.testcases.CombineTest" tests="5" failures="0" timestamp="17 Nov 2018 12:41:13 GMT" time="208.097" errors="0">
  <testcase name="tabOnCombine" time="9.087" classname="com.torenzo.qa.testcases.CombineTest"/>
  <testcase name="moveOrder" time="115.248" classname="com.torenzo.qa.testcases.CombineTest"/>
  <testcase name="createTask" time="8.714" classname="com.torenzo.qa.testcases.CombineTest"/>
  <testcase name="selectTaskFromList" time="14.337" classname="com.torenzo.qa.testcases.CombineTest"/>
  <testcase name="payment" time="60.711" classname="com.torenzo.qa.testcases.CombineTest"/>
</testsuite> <!-- com.torenzo.qa.testcases.CombineTest -->
