<?xml version="1.0" encoding="UTF-8"?>
<!-- Generated by org.testng.reporters.JUnitReportReporter -->
<testsuite hostname="Torenzo" name="com.torenzo.qa.pomtest.PaymentPageNegativeTest" tests="3" failures="0" timestamp="5 Dec 2019 05:55:07 GMT" time="158.628" errors="0">
  <testcase name="paymentPageTest" time="88.554" classname="com.torenzo.qa.pomtest.PaymentPageNegativeTest"/>
  <testcase name="verifyCancelTest" time="33.701" classname="com.torenzo.qa.pomtest.PaymentPageNegativeTest"/>
  <testcase name="verfiyHomePageTest" time="36.373" classname="com.torenzo.qa.pomtest.PaymentPageNegativeTest"/>
</testsuite> <!-- com.torenzo.qa.pomtest.PaymentPageNegativeTest -->
