<?xml version="1.0" encoding="UTF-8"?>
<!-- Generated by org.testng.reporters.JUnitReportReporter -->
<testsuite skipped="0" hostname="RahulKaelsMini2" name="com.appium.torenzo.android.GetSrcreenshot" tests="2" failures="0" timestamp="24 Aug 2018 11:51:02 GMT" time="70.017" errors="0">
  <testcase name="launchApp" time="8.601" classname="com.appium.torenzo.android.GetSrcreenshot"/>
  <testcase name="login" time="61.416" classname="com.appium.torenzo.android.GetSrcreenshot"/>
</testsuite> <!-- com.appium.torenzo.android.GetSrcreenshot -->
