<?xml version="1.0" encoding="UTF-8"?>
<!-- Generated by org.testng.reporters.JUnitReportReporter -->
<testsuite hostname="Torenzo" name="com.torenzo.qa.pomtest.LogoutPageTest" tests="3" failures="0" timestamp="5 Dec 2019 05:55:07 GMT" time="112.132" errors="0">
  <testcase name="LoginVerifyTest" time="33.336" classname="com.torenzo.qa.pomtest.LogoutPageTest"/>
  <testcase name="LoginIntoAppTest" time="35.556" classname="com.torenzo.qa.pomtest.LogoutPageTest"/>
  <testcase name="LogoutVerifyTest" time="43.240" classname="com.torenzo.qa.pomtest.LogoutPageTest"/>
</testsuite> <!-- com.torenzo.qa.pomtest.LogoutPageTest -->
