<?xml version="1.0" encoding="UTF-8"?>
<!-- Generated by org.testng.reporters.JUnitReportReporter -->
<testsuite skipped="1" hostname="RahulKaelsMini2" name="TestNG.EditOrder" tests="1" failures="0" timestamp="25 Sep 2018 05:07:50 GMT" time="0.000" errors="0">
  <testcase name="editorder" time="0.000" classname="TestNG.EditOrder">
    <skipped/>
  </testcase> <!-- editorder -->
</testsuite> <!-- TestNG.EditOrder -->
