<?xml version="1.0" encoding="UTF-8"?>
<!-- Generated by org.testng.reporters.JUnitReportReporter -->
<testsuite skipped="0" hostname="Torenzo" name="com.torenzo.qa.testcases.HomePageTest" tests="1" failures="0" timestamp="19 Oct 2019 08:35:02 GMT" time="69.448" errors="0">
  <testcase name="loginApp" time="69.448" classname="com.torenzo.qa.testcases.HomePageTest"/>
</testsuite> <!-- com.torenzo.qa.testcases.HomePageTest -->
