<?xml version="1.0" encoding="UTF-8"?>
<!-- Generated by org.testng.reporters.JUnitReportReporter -->
<testsuite skipped="0" hostname="RahulKaelsMini2" name="com.appium.torenzo.android.LoadCreatedOrder" tests="1" failures="0" timestamp="24 Aug 2018 12:29:22 GMT" time="0.002" errors="0">
  <testcase name="verfylogin" time="0.002" classname="com.appium.torenzo.android.LoadCreatedOrder"/>
</testsuite> <!-- com.appium.torenzo.android.LoadCreatedOrder -->
