<?xml version="1.0" encoding="UTF-8"?>
<!-- Generated by org.testng.reporters.JUnitReportReporter -->
<testsuite hostname="Torenzo" name="com.torenzo.qa.pomtest.ReloadPageTest" tests="4" failures="0" timestamp="5 Dec 2019 05:55:07 GMT" time="135.825" errors="0">
  <testcase name="reloadItemsTest" time="48.932" classname="com.torenzo.qa.pomtest.ReloadPageTest"/>
  <testcase name="itemImagesTest" time="26.071" classname="com.torenzo.qa.pomtest.ReloadPageTest"/>
  <testcase name="verfiyHomePageTest" time="32.731" classname="com.torenzo.qa.pomtest.ReloadPageTest"/>
  <testcase name="realodTableTest" time="28.091" classname="com.torenzo.qa.pomtest.ReloadPageTest"/>
</testsuite> <!-- com.torenzo.qa.pomtest.ReloadPageTest -->
