<?xml version="1.0" encoding="UTF-8"?>
<!-- Generated by org.testng.reporters.JUnitReportReporter -->
<testsuite skipped="0" hostname="RahulKaelsMini2" name="TestNG.Loginapp" tests="2" failures="0" timestamp="28 Sep 2018 06:36:27 GMT" time="57.606" errors="0">
  <testcase name="login" time="49.446" classname="TestNG.Loginapp"/>
  <testcase name="permission" time="8.160" classname="TestNG.Loginapp"/>
</testsuite> <!-- TestNG.Loginapp -->
