<?xml version="1.0" encoding="UTF-8"?>
<!-- Generated by org.testng.reporters.JUnitReportReporter -->
<testsuite hostname="Torenzo" name="com.torenzo.qa.pomtest.EditOrderPageTest" tests="4" failures="0" timestamp="5 Dec 2019 05:55:07 GMT" time="188.619" errors="0">
  <testcase name="paymentPageTest" time="98.849" classname="com.torenzo.qa.pomtest.EditOrderPageTest"/>
  <testcase name="editPageTestNegative" time="21.638" classname="com.torenzo.qa.pomtest.EditOrderPageTest"/>
  <testcase name="editPageTest" time="32.382" classname="com.torenzo.qa.pomtest.EditOrderPageTest"/>
  <testcase name="verfiyHomePageTest" time="35.750" classname="com.torenzo.qa.pomtest.EditOrderPageTest"/>
</testsuite> <!-- com.torenzo.qa.pomtest.EditOrderPageTest -->
