<?xml version="1.0" encoding="UTF-8"?>
<!-- Generated by org.testng.reporters.JUnitReportReporter -->
<testsuite hostname="Torenzo" name="com.torenzo.qa.pomtest.PaymentPageTest" tests="7" failures="0" timestamp="5 Dec 2019 05:55:07 GMT" time="300.045" errors="0">
  <testcase name="verifyDiscountTest1" time="18.748" classname="com.torenzo.qa.pomtest.PaymentPageTest"/>
  <testcase name="verfiyHomePageTest" time="38.275" classname="com.torenzo.qa.pomtest.PaymentPageTest"/>
  <testcase name="verifyDiscountTest3" time="19.445" classname="com.torenzo.qa.pomtest.PaymentPageTest"/>
  <testcase name="paymentPageTest1" time="99.797" classname="com.torenzo.qa.pomtest.PaymentPageTest"/>
  <testcase name="paymentPageTest" time="90.314" classname="com.torenzo.qa.pomtest.PaymentPageTest"/>
  <testcase name="verifyDiscountTest2" time="13.135" classname="com.torenzo.qa.pomtest.PaymentPageTest"/>
  <testcase name="verifyPaymentTest" time="20.331" classname="com.torenzo.qa.pomtest.PaymentPageTest"/>
</testsuite> <!-- com.torenzo.qa.pomtest.PaymentPageTest -->
